DEBUG:asyncio:Using selector: SelectSelector
WARNING:discord.client:PyNaCl is not installed, voice will NOT be supported
DEBUG:discord.client:on_ready has successfully been registered as an event
DEBUG:discord.client:on_button_click has successfully been registered as an event
INFO:discord.client:logging in using static token
DEBUG:discord.http:GET https://discord.com/api/v7/users/@me with None has returned 200
DEBUG:discord.http:GET https://discord.com/api/v7/users/@me has received {'id': '895724341591953528', 'username': 'LightningTipBot', 'avatar': 'fb00c1f1e0d0074276f0e2c88ecd19be', 'discriminator': '8205', 'public_flags': 0, 'flags': 0, 'bot': True, 'banner': None, 'banner_color': None, 'accent_color': None, 'bio': '', 'locale': 'en-US', 'mfa_enabled': False, 'email': None, 'verified': True}
DEBUG:discord.http:GET https://discord.com/api/v7/gateway with None has returned 200
DEBUG:discord.http:GET https://discord.com/api/v7/gateway has received {'url': 'wss://gateway.discord.gg'}
DEBUG:discord.gateway:Created websocket connected to wss://gateway.discord.gg?encoding=json&v=6&compress=zlib-stream
DEBUG:discord.client:Dispatching event socket_raw_receive
DEBUG:discord.gateway:For Shard ID None: WebSocket Event: {'t': None, 's': None, 'op': 10, 'd': {'heartbeat_interval': 41250, '_trace': ['["gateway-prd-main-tnpk",{"micros":0.0}]']}}
DEBUG:discord.client:Dispatching event socket_response
DEBUG:discord.client:Dispatching event socket_raw_send
DEBUG:discord.client:Dispatching event socket_raw_send
INFO:discord.gateway:Shard ID None has sent the IDENTIFY payload.
DEBUG:discord.client:Dispatching event socket_raw_receive
DEBUG:discord.gateway:For Shard ID None: WebSocket Event: {'t': None, 's': None, 'op': 11, 'd': None}
DEBUG:discord.client:Dispatching event socket_response
DEBUG:discord.client:Dispatching event socket_raw_receive
DEBUG:discord.gateway:For Shard ID None: WebSocket Event: {'t': 'READY', 's': 1, 'op': 0, 'd': {'v': 6, 'user_settings': {}, 'user': {'verified': True, 'username': 'LightningTipBot', 'mfa_enabled': False, 'id': '895724341591953528', 'flags': 0, 'email': None, 'discriminator': '8205', 'bot': True, 'avatar': 'fb00c1f1e0d0074276f0e2c88ecd19be'}, 'session_id': '8046b99623d18d18dedcac8b9f4429e5', 'relationships': [], 'private_channels': [], 'presences': [], 'guilds': [{'unavailable': True, 'id': '708362691483271170'}, {'unavailable': True, 'id': '912826289470189578'}], 'guild_join_requests': [], 'geo_ordered_rtc_regions': ['rotterdam', 'milan', 'stockholm', 'st-pete', 'russia'], 'application': {'id': '895724341591953528', 'flags': 262144}, '_trace': ['["gateway-prd-main-tnpk",{"micros":120826,"calls":["discord-sessions-green-prd-2-75",{"micros":119985,"calls":["start_session",{"micros":69823,"calls":["api-prd-main-g11q",{"micros":64332,"calls":["get_user",{"micros":4278},"add_authorized_ip",{"micros":1823},"get_guilds",{"micros":13207},"coros_wait",{"micros":1}]}]},"guilds_connect",{"micros":2,"calls":[]},"presence_connect",{"micros":36111,"calls":[]}]}]}]']}}
DEBUG:discord.client:Dispatching event socket_response
INFO:discord.gateway:Shard ID None has connected to Gateway: ["gateway-prd-main-tnpk",{"micros":120826,"calls":["discord-sessions-green-prd-2-75",{"micros":119985,"calls":["start_session",{"micros":69823,"calls":["api-prd-main-g11q",{"micros":64332,"calls":["get_user",{"micros":4278},"add_authorized_ip",{"micros":1823},"get_guilds",{"micros":13207},"coros_wait",{"micros":1}]}]},"guilds_connect",{"micros":2,"calls":[]},"presence_connect",{"micros":36111,"calls":[]}]}]}] (Session ID: 8046b99623d18d18dedcac8b9f4429e5).
DEBUG:discord.client:Dispatching event connect
DEBUG:discord.client:Dispatching event socket_raw_receive
DEBUG:discord.gateway:For Shard ID None: WebSocket Event: {'t': 'GUILD_CREATE', 's': 2, 'op': 0, 'd': {'owner_id': '393120847059091456', 'stickers': [], 'max_members': 250000, 'stage_instances': [], 'member_count': 2, 'lazy': True, 'application_id': None, 'system_channel_id': '708362691923935269', 'name': 'Just Games', 'region': 'deprecated', 'mfa_level': 0, 'description': None, 'banner': None, 'icon': None, 'large': False, 'explicit_content_filter': 0, 'afk_timeout': 300, 'hub_type': None, 'public_updates_channel_id': None, 'nsfw': False, 'rules_channel_id': None, 'premium_tier': 0, 'channels': [{'type': 4, 'position': 0, 'permission_overwrites': [], 'name': 'Textkanäle', 'id': '708362691483271171'}, {'type': 4, 'position': 0, 'permission_overwrites': [], 'name': 'Sprachkanäle', 'id': '708362691923935268'}, {'type': 0, 'topic': None, 'rate_limit_per_user': 0, 'position': 0, 'permission_overwrites': [], 'parent_id': '708362691483271171', 'name': 'Allgemein', 'last_message_id': '913062586281512980', 'id': '708362691923935269'}, {'user_limit': 0, 'type': 2, 'rtc_region': None, 'rate_limit_per_user': 0, 'position': 1, 'permission_overwrites': [], 'parent_id': '708362691923935268', 'name': 'League of Legends', 'last_message_id': None, 'id': '708362869926002781', 'bitrate': 64000}, {'user_limit': 0, 'type': 2, 'rtc_region': None, 'rate_limit_per_user': 0, 'position': 2, 'permission_overwrites': [], 'parent_id': '708362691923935268', 'name': 'Valorant', 'last_message_id': None, 'id': '708363029959409676', 'bitrate': 64000}], 'members': [{'user': {'username': 'LightningTipBot', 'id': '895724341591953528', 'discriminator': '8205', 'bot': True, 'avatar': 'fb00c1f1e0d0074276f0e2c88ecd19be'}, 'roles': ['895758254511100006'], 'mute': False, 'joined_at': '2021-10-07T19:43:30.299000+00:00', 'hoisted_role': None, 'deaf': False}], 'application_command_counts': {'3': 0, '2': 0, '1': 0}, 'splash': None, 'discovery_splash': None, 'emojis': [], 'premium_progress_bar_enabled': False, 'threads': [], 'system_channel_flags': 0, 'max_video_channel_users': 25, 'default_message_notifications': 0, 'embedded_activities': [], 'id': '708362691483271170', 'roles': [{'unicode_emoji': None, 'position': 0, 'permissions_new': '1071698660929', 'permissions': 104320577, 'name': '@everyone', 'mentionable': False, 'managed': False, 'id': '708362691483271170', 'icon': None, 'hoist': False, 'color': 0}, {'unicode_emoji': None, 'tags': {'bot_id': '895724341591953528'}, 'position': 1, 'permissions_new': '8590175232', 'permissions': 240640, 'name': 'LightningTipBot', 'mentionable': False, 'managed': True, 'id': '895758254511100006', 'icon': None, 'hoist': False, 'color': 0}], 'voice_states': [], 'unavailable': False, 'features': [], 'nsfw_level': 0, 'premium_subscription_count': 0, 'presences': [], 'afk_channel_id': None, 'verification_level': 0, 'vanity_url_code': None, 'guild_hashes': {'version': 1, 'roles': {'omitted': False, 'hash': 'TvczfyItizk'}, 'metadata': {'omitted': False, 'hash': 'poGaPRViPLI'}, 'channels': {'omitted': False, 'hash': 'ZIsGoowoMQ4'}}, 'application_command_count': 0, 'joined_at': '2021-10-07T19:43:30.299000+00:00', 'guild_scheduled_events': [], 'preferred_locale': 'en-US'}}
DEBUG:discord.client:Dispatching event socket_response
DEBUG:discord.client:Dispatching event socket_raw_receive
DEBUG:discord.gateway:For Shard ID None: WebSocket Event: {'t': 'GUILD_CREATE', 's': 3, 'op': 0, 'd': {'owner_id': '393120847059091456', 'stickers': [], 'max_members': 250000, 'stage_instances': [], 'member_count': 2, 'lazy': True, 'application_id': None, 'system_channel_id': '912826289470189581', 'name': 'Server von Doman', 'region': 'deprecated', 'mfa_level': 0, 'description': None, 'banner': None, 'icon': None, 'large': False, 'explicit_content_filter': 0, 'afk_timeout': 300, 'hub_type': None, 'public_updates_channel_id': None, 'nsfw': False, 'rules_channel_id': None, 'premium_tier': 0, 'channels': [{'type': 4, 'position': 0, 'permission_overwrites': [], 'name': 'Textkanäle', 'id': '912826289470189579'}, {'type': 4, 'position': 0, 'permission_overwrites': [], 'name': 'Sprachkanäle', 'id': '912826289470189580'}, {'type': 0, 'topic': None, 'rate_limit_per_user': 0, 'position': 0, 'permission_overwrites': [], 'parent_id': '912826289470189579', 'name': 'Allgemein', 'last_message_id': '913409024366637096', 'id': '912826289470189581'}, {'user_limit': 0, 'type': 2, 'rtc_region': None, 'rate_limit_per_user': 0, 'position': 0, 'permission_overwrites': [], 'parent_id': '912826289470189580', 'name': 'Allgemein', 'last_message_id': None, 'id': '912826289470189582', 'bitrate': 64000}], 'members': [{'user': {'username': 'LightningTipBot', 'id': '895724341591953528', 'discriminator': '8205', 'bot': True, 'avatar': 'fb00c1f1e0d0074276f0e2c88ecd19be'}, 'roles': ['912828608899334245'], 'premium_since': None, 'pending': False, 'nick': None, 'mute': False, 'joined_at': '2021-11-23T22:14:59.921480+00:00', 'hoisted_role': None, 'deaf': False, 'communication_disabled_until': None, 'avatar': None}], 'application_command_counts': {'3': 0, '2': 0, '1': 0}, 'splash': None, 'discovery_splash': None, 'emojis': [], 'premium_progress_bar_enabled': False, 'threads': [], 'system_channel_flags': 0, 'max_video_channel_users': 25, 'default_message_notifications': 0, 'embedded_activities': [], 'id': '912826289470189578', 'roles': [{'unicode_emoji': None, 'position': 0, 'permissions_new': '1071698660929', 'permissions': 104320577, 'name': '@everyone', 'mentionable': False, 'managed': False, 'id': '912826289470189578', 'icon': None, 'hoist': False, 'color': 0}, {'unicode_emoji': None, 'tags': {'bot_id': '895724341591953528'}, 'position': 1, 'permissions_new': '43008', 'permissions': 43008, 'name': 'LightningTipBot', 'mentionable': False, 'managed': True, 'id': '912828608899334245', 'icon': None, 'hoist': False, 'color': 0}], 'voice_states': [], 'unavailable': False, 'features': [], 'nsfw_level': 0, 'premium_subscription_count': 0, 'presences': [], 'afk_channel_id': None, 'verification_level': 0, 'vanity_url_code': None, 'guild_hashes': {'version': 1, 'roles': {'omitted': False, 'hash': 'G9qJMxAT/sg'}, 'metadata': {'omitted': False, 'hash': 'xLQHX60DBL8'}, 'channels': {'omitted': False, 'hash': '3/R4VjsgwRY'}}, 'application_command_count': 0, 'joined_at': '2021-11-23T22:14:59.921480+00:00', 'guild_scheduled_events': [], 'preferred_locale': 'en-US'}}
DEBUG:discord.client:Dispatching event socket_response
DEBUG:discord.client:Dispatching event guild_available
DEBUG:discord.client:Dispatching event guild_available
DEBUG:discord.client:Dispatching event ready
DEBUG:discord.client:Dispatching event socket_raw_receive
DEBUG:discord.gateway:For Shard ID None: WebSocket Event: {'t': 'TYPING_START', 's': 4, 'op': 0, 'd': {'user_id': '393120847059091456', 'timestamp': 1639495660, 'channel_id': '900787709679919137'}}
DEBUG:discord.client:Dispatching event socket_response
DEBUG:discord.client:Dispatching event socket_raw_receive
DEBUG:discord.gateway:For Shard ID None: WebSocket Event: {'t': 'CHANNEL_CREATE', 's': 5, 'op': 0, 'd': {'type': 1, 'recipients': [{'username': 'Doman', 'public_flags': 0, 'id': '393120847059091456', 'discriminator': '1350', 'avatar': '2b4d1ef7e642ca5ad2b569d6b5cc6d58'}], 'last_message_id': '920336259786883112', 'id': '900787709679919137'}}
DEBUG:discord.client:Dispatching event socket_response
DEBUG:discord.client:Dispatching event private_channel_create
DEBUG:discord.client:Dispatching event socket_raw_receive
DEBUG:discord.gateway:For Shard ID None: WebSocket Event: {'t': 'MESSAGE_CREATE', 's': 6, 'op': 0, 'd': {'type': 0, 'tts': False, 'timestamp': '2021-12-14T15:27:43.354000+00:00', 'referenced_message': None, 'pinned': False, 'nonce': '920336261795807232', 'mentions': [], 'mention_roles': [], 'mention_everyone': False, 'id': '920336259786883112', 'flags': 0, 'embeds': [], 'edited_timestamp': None, 'content': '!donate 4', 'components': [], 'channel_id': '900787709679919137', 'author': {'username': 'Doman', 'public_flags': 0, 'id': '393120847059091456', 'discriminator': '1350', 'avatar': '2b4d1ef7e642ca5ad2b569d6b5cc6d58'}, 'attachments': []}}
DEBUG:discord.client:Dispatching event socket_response
DEBUG:discord.client:Dispatching event message
DEBUG:discord.client:Dispatching event command
DEBUG:urllib3.connectionpool:Starting new HTTPS connection (1): lightningtipbot.com:443
DEBUG:urllib3.connectionpool:https://lightningtipbot.com:443 "GET /api/v1/wallet HTTP/1.1" 200 107
DEBUG:urllib3.connectionpool:Starting new HTTPS connection (1): lightningtipbot.com:443
DEBUG:urllib3.connectionpool:https://lightningtipbot.com:443 "POST /api/v1/payments HTTP/1.1" 201 346
DEBUG:urllib3.connectionpool:Starting new HTTPS connection (1): lightningtipbot.com:443
DEBUG:urllib3.connectionpool:https://lightningtipbot.com:443 "POST /api/v1/payments HTTP/1.1" 201 174
DEBUG:discord.client:Dispatching event socket_raw_receive
DEBUG:discord.gateway:For Shard ID None: WebSocket Event: {'t': 'CHANNEL_CREATE', 's': 7, 'op': 0, 'd': {'type': 1, 'recipients': [{'username': 'Doman', 'public_flags': 0, 'id': '393120847059091456', 'discriminator': '1350', 'avatar': '2b4d1ef7e642ca5ad2b569d6b5cc6d58'}], 'last_message_id': '920336263838564392', 'id': '900787709679919137'}}
DEBUG:discord.client:Dispatching event socket_response
DEBUG:discord.client:Dispatching event socket_raw_receive
DEBUG:discord.gateway:For Shard ID None: WebSocket Event: {'t': 'MESSAGE_CREATE', 's': 8, 'op': 0, 'd': {'type': 0, 'tts': False, 'timestamp': '2021-12-14T15:27:44.320000+00:00', 'referenced_message': {'type': 0, 'tts': False, 'timestamp': '2021-12-14T15:27:43.354000+00:00', 'pinned': False, 'mentions': [], 'mention_roles': [], 'mention_everyone': False, 'id': '920336259786883112', 'flags': 0, 'embeds': [], 'edited_timestamp': None, 'content': '!donate 4', 'components': [], 'channel_id': '900787709679919137', 'author': {'username': 'Doman', 'public_flags': 0, 'id': '393120847059091456', 'discriminator': '1350', 'avatar': '2b4d1ef7e642ca5ad2b569d6b5cc6d58'}, 'attachments': []}, 'pinned': False, 'message_reference': {'message_id': '920336259786883112', 'channel_id': '900787709679919137'}, 'mentions': [{'username': 'Doman', 'public_flags': 0, 'id': '393120847059091456', 'discriminator': '1350', 'avatar': '2b4d1ef7e642ca5ad2b569d6b5cc6d58'}], 'mention_roles': [], 'mention_everyone': False, 'id': '920336263838564392', 'flags': 0, 'embeds': [], 'edited_timestamp': None, 'content': ':fireworks: Thank you for your donation.', 'components': [], 'channel_id': '900787709679919137', 'author': {'username': 'LightningTipBot', 'public_flags': 0, 'id': '895724341591953528', 'discriminator': '8205', 'bot': True, 'avatar': 'fb00c1f1e0d0074276f0e2c88ecd19be'}, 'attachments': []}}
DEBUG:discord.client:Dispatching event socket_response
DEBUG:discord.client:Dispatching event message
DEBUG:discord.http:POST https://discord.com/api/v7/channels/900787709679919137/messages with {"tts":false,"content":":fireworks: Thank you for your donation.","message_reference":{"message_id":920336259786883112,"channel_id":900787709679919137}} has returned 200
DEBUG:discord.http:POST https://discord.com/api/v7/channels/900787709679919137/messages has received {'id': '920336263838564392', 'type': 0, 'content': ':fireworks: Thank you for your donation.', 'channel_id': '900787709679919137', 'author': {'id': '895724341591953528', 'username': 'LightningTipBot', 'avatar': 'fb00c1f1e0d0074276f0e2c88ecd19be', 'discriminator': '8205', 'public_flags': 0, 'bot': True}, 'attachments': [], 'embeds': [], 'mentions': [{'id': '393120847059091456', 'username': 'Doman', 'avatar': '2b4d1ef7e642ca5ad2b569d6b5cc6d58', 'discriminator': '1350', 'public_flags': 0}], 'mention_roles': [], 'pinned': False, 'mention_everyone': False, 'tts': False, 'timestamp': '2021-12-14T15:27:44.320000+00:00', 'edited_timestamp': None, 'flags': 0, 'components': [], 'message_reference': {'channel_id': '900787709679919137', 'message_id': '920336259786883112'}, 'referenced_message': {'id': '920336259786883112', 'type': 0, 'content': '!donate 4', 'channel_id': '900787709679919137', 'author': {'id': '393120847059091456', 'username': 'Doman', 'avatar': '2b4d1ef7e642ca5ad2b569d6b5cc6d58', 'discriminator': '1350', 'public_flags': 0}, 'attachments': [], 'embeds': [], 'mentions': [], 'mention_roles': [], 'pinned': False, 'mention_everyone': False, 'tts': False, 'timestamp': '2021-12-14T15:27:43.354000+00:00', 'edited_timestamp': None, 'flags': 0, 'components': []}}
DEBUG:discord.client:Dispatching event command_completion
DEBUG:discord.client:Dispatching event socket_raw_receive
DEBUG:discord.gateway:For Shard ID None: WebSocket Event: {'t': 'TYPING_START', 's': 9, 'op': 0, 'd': {'user_id': '393120847059091456', 'timestamp': 1639495667, 'channel_id': '900787709679919137'}}
DEBUG:discord.client:Dispatching event socket_response
DEBUG:discord.client:Dispatching event typing
DEBUG:discord.client:Dispatching event socket_raw_receive
DEBUG:discord.gateway:For Shard ID None: WebSocket Event: {'t': 'CHANNEL_CREATE', 's': 10, 'op': 0, 'd': {'type': 1, 'recipients': [{'username': 'Doman', 'public_flags': 0, 'id': '393120847059091456', 'discriminator': '1350', 'avatar': '2b4d1ef7e642ca5ad2b569d6b5cc6d58'}], 'last_message_id': '920336280913608734', 'id': '900787709679919137'}}
DEBUG:discord.client:Dispatching event socket_response
DEBUG:discord.client:Dispatching event socket_raw_receive
DEBUG:discord.gateway:For Shard ID None: WebSocket Event: {'t': 'MESSAGE_CREATE', 's': 11, 'op': 0, 'd': {'type': 0, 'tts': False, 'timestamp': '2021-12-14T15:27:48.391000+00:00', 'referenced_message': None, 'pinned': False, 'nonce': '920336283669102592', 'mentions': [], 'mention_roles': [], 'mention_everyone': False, 'id': '920336280913608734', 'flags': 0, 'embeds': [], 'edited_timestamp': None, 'content': '!balance', 'components': [], 'channel_id': '900787709679919137', 'author': {'username': 'Doman', 'public_flags': 0, 'id': '393120847059091456', 'discriminator': '1350', 'avatar': '2b4d1ef7e642ca5ad2b569d6b5cc6d58'}, 'attachments': []}}
DEBUG:discord.client:Dispatching event socket_response
DEBUG:discord.client:Dispatching event message
DEBUG:discord.client:Dispatching event command
DEBUG:urllib3.connectionpool:Starting new HTTPS connection (1): lightningtipbot.com:443
DEBUG:urllib3.connectionpool:https://lightningtipbot.com:443 "GET /api/v1/wallet HTTP/1.1" 200 107
DEBUG:discord.client:Dispatching event socket_raw_receive
DEBUG:discord.gateway:For Shard ID None: WebSocket Event: {'t': 'CHANNEL_CREATE', 's': 12, 'op': 0, 'd': {'type': 1, 'recipients': [{'username': 'Doman', 'public_flags': 0, 'id': '393120847059091456', 'discriminator': '1350', 'avatar': '2b4d1ef7e642ca5ad2b569d6b5cc6d58'}], 'last_message_id': '920336282289340487', 'id': '900787709679919137'}}
DEBUG:discord.client:Dispatching event socket_response
DEBUG:discord.client:Dispatching event socket_raw_receive
DEBUG:discord.gateway:For Shard ID None: WebSocket Event: {'t': 'MESSAGE_CREATE', 's': 13, 'op': 0, 'd': {'type': 0, 'tts': False, 'timestamp': '2021-12-14T15:27:48.719000+00:00', 'referenced_message': None, 'pinned': False, 'mentions': [], 'mention_roles': [], 'mention_everyone': False, 'id': '920336282289340487', 'flags': 0, 'embeds': [], 'edited_timestamp': None, 'content': '**Your balance:** 72 sat', 'components': [], 'channel_id': '900787709679919137', 'author': {'username': 'LightningTipBot', 'public_flags': 0, 'id': '895724341591953528', 'discriminator': '8205', 'bot': True, 'avatar': 'fb00c1f1e0d0074276f0e2c88ecd19be'}, 'attachments': []}}
DEBUG:discord.client:Dispatching event socket_response
DEBUG:discord.client:Dispatching event message
DEBUG:discord.http:POST https://discord.com/api/v7/channels/900787709679919137/messages with {"tts":false,"content":"**Your balance:** 72 sat"} has returned 200
DEBUG:discord.http:POST https://discord.com/api/v7/channels/900787709679919137/messages has received {'id': '920336282289340487', 'type': 0, 'content': '**Your balance:** 72 sat', 'channel_id': '900787709679919137', 'author': {'id': '895724341591953528', 'username': 'LightningTipBot', 'avatar': 'fb00c1f1e0d0074276f0e2c88ecd19be', 'discriminator': '8205', 'public_flags': 0, 'bot': True}, 'attachments': [], 'embeds': [], 'mentions': [], 'mention_roles': [], 'pinned': False, 'mention_everyone': False, 'tts': False, 'timestamp': '2021-12-14T15:27:48.719000+00:00', 'edited_timestamp': None, 'flags': 0, 'components': [], 'referenced_message': None}
DEBUG:discord.client:Dispatching event command_completion
DEBUG:discord.client:Dispatching event socket_raw_receive
DEBUG:discord.gateway:For Shard ID None: WebSocket Event: {'t': 'TYPING_START', 's': 14, 'op': 0, 'd': {'user_id': '393120847059091456', 'timestamp': 1639495673, 'channel_id': '900787709679919137'}}
DEBUG:discord.client:Dispatching event socket_response
DEBUG:discord.client:Dispatching event typing
DEBUG:discord.client:Dispatching event socket_raw_receive
DEBUG:discord.gateway:For Shard ID None: WebSocket Event: {'t': 'TYPING_START', 's': 15, 'op': 0, 'd': {'user_id': '393120847059091456', 'timestamp': 1639495685, 'channel_id': '900787709679919137'}}
DEBUG:discord.client:Dispatching event socket_response
DEBUG:discord.client:Dispatching event typing
DEBUG:discord.client:Dispatching event socket_raw_receive
DEBUG:discord.gateway:For Shard ID None: WebSocket Event: {'t': 'CHANNEL_CREATE', 's': 16, 'op': 0, 'd': {'type': 1, 'recipients': [{'username': 'Doman', 'public_flags': 0, 'id': '393120847059091456', 'discriminator': '1350', 'avatar': '2b4d1ef7e642ca5ad2b569d6b5cc6d58'}], 'last_message_id': '920336365399474207', 'id': '900787709679919137'}}
DEBUG:discord.client:Dispatching event socket_response
DEBUG:discord.client:Dispatching event socket_raw_receive
DEBUG:discord.gateway:For Shard ID None: WebSocket Event: {'t': 'MESSAGE_CREATE', 's': 17, 'op': 0, 'd': {'type': 0, 'tts': False, 'timestamp': '2021-12-14T15:28:08.534000+00:00', 'referenced_message': None, 'pinned': False, 'nonce': '920336368238854144', 'mentions': [], 'mention_roles': [], 'mention_everyone': False, 'id': '920336365399474207', 'flags': 0, 'embeds': [], 'edited_timestamp': None, 'content': '!paylnurl LNURL1DP68GURN8GHJ7MRW9E6XJURN9UH8WETVDSKKKMN0WAHZ7MRWW4EXCUP0XYCRSDPHXVURSV34UAYEZK', 'components': [], 'channel_id': '900787709679919137', 'author': {'username': 'Doman', 'public_flags': 0, 'id': '393120847059091456', 'discriminator': '1350', 'avatar': '2b4d1ef7e642ca5ad2b569d6b5cc6d58'}, 'attachments': []}}
DEBUG:discord.client:Dispatching event socket_response
DEBUG:discord.client:Dispatching event message
DEBUG:discord.client:Dispatching event command
DEBUG:discord.client:Dispatching event socket_raw_receive
DEBUG:discord.gateway:For Shard ID None: WebSocket Event: {'t': 'CHANNEL_CREATE', 's': 18, 'op': 0, 'd': {'type': 1, 'recipients': [{'username': 'Doman', 'public_flags': 0, 'id': '393120847059091456', 'discriminator': '1350', 'avatar': '2b4d1ef7e642ca5ad2b569d6b5cc6d58'}], 'last_message_id': '920336366473191434', 'id': '900787709679919137'}}
DEBUG:discord.client:Dispatching event socket_response
DEBUG:discord.client:Dispatching event socket_raw_receive
DEBUG:discord.gateway:For Shard ID None: WebSocket Event: {'t': 'MESSAGE_CREATE', 's': 19, 'op': 0, 'd': {'type': 0, 'tts': False, 'timestamp': '2021-12-14T15:28:08.790000+00:00', 'referenced_message': {'type': 0, 'tts': False, 'timestamp': '2021-12-14T15:28:08.534000+00:00', 'pinned': False, 'mentions': [], 'mention_roles': [], 'mention_everyone': False, 'id': '920336365399474207', 'flags': 0, 'embeds': [], 'edited_timestamp': None, 'content': '!paylnurl LNURL1DP68GURN8GHJ7MRW9E6XJURN9UH8WETVDSKKKMN0WAHZ7MRWW4EXCUP0XYCRSDPHXVURSV34UAYEZK', 'components': [], 'channel_id': '900787709679919137', 'author': {'username': 'Doman', 'public_flags': 0, 'id': '393120847059091456', 'discriminator': '1350', 'avatar': '2b4d1ef7e642ca5ad2b569d6b5cc6d58'}, 'attachments': []}, 'pinned': False, 'message_reference': {'message_id': '920336365399474207', 'channel_id': '900787709679919137'}, 'mentions': [{'username': 'Doman', 'public_flags': 0, 'id': '393120847059091456', 'discriminator': '1350', 'avatar': '2b4d1ef7e642ca5ad2b569d6b5cc6d58'}], 'mention_roles': [], 'mention_everyone': False, 'id': '920336366473191434', 'flags': 0, 'embeds': [], 'edited_timestamp': None, 'content': ":x: Oops, that didn't work. See below how to use this command.\n\n**Usage**: *!paylnurl <lnurl> <amount>*\n**Example**: *!paylnurl LNURL... 1000", 'components': [], 'channel_id': '900787709679919137', 'author': {'username': 'LightningTipBot', 'public_flags': 0, 'id': '895724341591953528', 'discriminator': '8205', 'bot': True, 'avatar': 'fb00c1f1e0d0074276f0e2c88ecd19be'}, 'attachments': []}}
DEBUG:discord.client:Dispatching event socket_response
DEBUG:discord.client:Dispatching event message
DEBUG:discord.http:POST https://discord.com/api/v7/channels/900787709679919137/messages with {"tts":false,"content":"\n:x: Oops, that didn't work. See below how to use this command.\n\n**Usage**: *!paylnurl <lnurl> <amount>*\n**Example**: *!paylnurl LNURL... 1000\n","message_reference":{"message_id":920336365399474207,"channel_id":900787709679919137}} has returned 200
DEBUG:discord.http:POST https://discord.com/api/v7/channels/900787709679919137/messages has received {'id': '920336366473191434', 'type': 0, 'content': ":x: Oops, that didn't work. See below how to use this command.\n\n**Usage**: *!paylnurl <lnurl> <amount>*\n**Example**: *!paylnurl LNURL... 1000", 'channel_id': '900787709679919137', 'author': {'id': '895724341591953528', 'username': 'LightningTipBot', 'avatar': 'fb00c1f1e0d0074276f0e2c88ecd19be', 'discriminator': '8205', 'public_flags': 0, 'bot': True}, 'attachments': [], 'embeds': [], 'mentions': [{'id': '393120847059091456', 'username': 'Doman', 'avatar': '2b4d1ef7e642ca5ad2b569d6b5cc6d58', 'discriminator': '1350', 'public_flags': 0}], 'mention_roles': [], 'pinned': False, 'mention_everyone': False, 'tts': False, 'timestamp': '2021-12-14T15:28:08.790000+00:00', 'edited_timestamp': None, 'flags': 0, 'components': [], 'message_reference': {'channel_id': '900787709679919137', 'message_id': '920336365399474207'}, 'referenced_message': {'id': '920336365399474207', 'type': 0, 'content': '!paylnurl LNURL1DP68GURN8GHJ7MRW9E6XJURN9UH8WETVDSKKKMN0WAHZ7MRWW4EXCUP0XYCRSDPHXVURSV34UAYEZK', 'channel_id': '900787709679919137', 'author': {'id': '393120847059091456', 'username': 'Doman', 'avatar': '2b4d1ef7e642ca5ad2b569d6b5cc6d58', 'discriminator': '1350', 'public_flags': 0}, 'attachments': [], 'embeds': [], 'mentions': [], 'mention_roles': [], 'pinned': False, 'mention_everyone': False, 'tts': False, 'timestamp': '2021-12-14T15:28:08.534000+00:00', 'edited_timestamp': None, 'flags': 0, 'components': []}}
DEBUG:discord.client:Dispatching event command_completion
DEBUG:discord.client:Dispatching event socket_raw_receive
DEBUG:discord.gateway:For Shard ID None: WebSocket Event: {'t': 'TYPING_START', 's': 20, 'op': 0, 'd': {'user_id': '393120847059091456', 'timestamp': 1639495691, 'channel_id': '900787709679919137'}}
DEBUG:discord.client:Dispatching event socket_response
DEBUG:discord.client:Dispatching event typing
DEBUG:discord.gateway:Keeping shard ID None websocket alive with sequence 20.
DEBUG:discord.client:Dispatching event socket_raw_receive
DEBUG:discord.gateway:For Shard ID None: WebSocket Event: {'t': None, 's': None, 'op': 11, 'd': None}
DEBUG:discord.client:Dispatching event socket_response
DEBUG:discord.client:Dispatching event socket_raw_receive
DEBUG:discord.gateway:For Shard ID None: WebSocket Event: {'t': 'CHANNEL_CREATE', 's': 21, 'op': 0, 'd': {'type': 1, 'recipients': [{'username': 'Doman', 'public_flags': 0, 'id': '393120847059091456', 'discriminator': '1350', 'avatar': '2b4d1ef7e642ca5ad2b569d6b5cc6d58'}], 'last_message_id': '920336413587832832', 'id': '900787709679919137'}}
DEBUG:discord.client:Dispatching event socket_response
DEBUG:discord.client:Dispatching event socket_raw_receive
DEBUG:discord.gateway:For Shard ID None: WebSocket Event: {'t': 'MESSAGE_CREATE', 's': 22, 'op': 0, 'd': {'type': 0, 'tts': False, 'timestamp': '2021-12-14T15:28:20.023000+00:00', 'referenced_message': None, 'pinned': False, 'nonce': '920336416427212800', 'mentions': [], 'mention_roles': [], 'mention_everyone': False, 'id': '920336413587832832', 'flags': 0, 'embeds': [], 'edited_timestamp': None, 'content': '!paylnurl LNURL1DP68GURN8GHJ7MRW9E6XJURN9UH8WETVDSKKKMN0WAHZ7MRWW4EXCUP0XYCRSDPHXVURSV34UAYEZK 50', 'components': [], 'channel_id': '900787709679919137', 'author': {'username': 'Doman', 'public_flags': 0, 'id': '393120847059091456', 'discriminator': '1350', 'avatar': '2b4d1ef7e642ca5ad2b569d6b5cc6d58'}, 'attachments': []}}
DEBUG:discord.client:Dispatching event socket_response
DEBUG:discord.client:Dispatching event message
DEBUG:discord.client:Dispatching event command
DEBUG:discord.client:Dispatching event socket_raw_receive
DEBUG:discord.gateway:For Shard ID None: WebSocket Event: {'t': 'CHANNEL_CREATE', 's': 23, 'op': 0, 'd': {'type': 1, 'recipients': [{'username': 'Doman', 'public_flags': 0, 'id': '393120847059091456', 'discriminator': '1350', 'avatar': '2b4d1ef7e642ca5ad2b569d6b5cc6d58'}], 'last_message_id': '920336414439256105', 'id': '900787709679919137'}}
DEBUG:discord.client:Dispatching event socket_response
DEBUG:discord.client:Dispatching event socket_raw_receive
DEBUG:discord.gateway:For Shard ID None: WebSocket Event: {'t': 'MESSAGE_CREATE', 's': 24, 'op': 0, 'd': {'type': 0, 'tts': False, 'timestamp': '2021-12-14T15:28:20.226000+00:00', 'referenced_message': None, 'pinned': False, 'mentions': [], 'mention_roles': [], 'mention_everyone': False, 'id': '920336414439256105', 'flags': 0, 'embeds': [], 'edited_timestamp': None, 'content': 'Are you sure you want to send 50 sat to this lnurl?\n*LNURL1DP68GURN8GHJ7MRW9E6XJURN9UH8WETVDSKKKMN0WAHZ7MRWW4EXCUP0XYCRSDPHXVURSV34UAYEZK*\n\n:information_source: **Info**\nThe actual payment can be more expensive than 50 sat due to fees.\n\nPlease confirm your choise.', 'components': [{'type': 1, 'components': [{'type': 2, 'style': 3, 'label': 'Send', 'hash': '', 'custom_id': 'paylnurl_btn'}]}, {'type': 1, 'components': [{'type': 2, 'style': 4, 'label': 'Cancel', 'hash': '', 'custom_id': 'cancel_btn'}]}], 'channel_id': '900787709679919137', 'author': {'username': 'LightningTipBot', 'public_flags': 0, 'id': '895724341591953528', 'discriminator': '8205', 'bot': True, 'avatar': 'fb00c1f1e0d0074276f0e2c88ecd19be'}, 'attachments': []}}
DEBUG:discord.client:Dispatching event socket_response
DEBUG:discord.client:Dispatching event message
DEBUG:discord.http:POST https://discord.com/api/v7/channels/900787709679919137/messages with {"tts":false,"content":"\nAre you sure you want to send 50 sat to this lnurl?\n*LNURL1DP68GURN8GHJ7MRW9E6XJURN9UH8WETVDSKKKMN0WAHZ7MRWW4EXCUP0XYCRSDPHXVURSV34UAYEZK*\n\n:information_source: **Info**\nThe actual payment can be more expensive than 50 sat due to fees.\n\nPlease confirm your choise.\n","components":[{"type":1,"components":[{"type":2,"style":3,"label":"Send","custom_id":"paylnurl_btn","url":null,"disabled":false}]},{"type":1,"components":[{"type":2,"style":4,"label":"Cancel","custom_id":"cancel_btn","url":null,"disabled":false}]}]} has returned 200
DEBUG:discord.http:POST https://discord.com/api/v7/channels/900787709679919137/messages has received {'id': '920336414439256105', 'type': 0, 'content': 'Are you sure you want to send 50 sat to this lnurl?\n*LNURL1DP68GURN8GHJ7MRW9E6XJURN9UH8WETVDSKKKMN0WAHZ7MRWW4EXCUP0XYCRSDPHXVURSV34UAYEZK*\n\n:information_source: **Info**\nThe actual payment can be more expensive than 50 sat due to fees.\n\nPlease confirm your choise.', 'channel_id': '900787709679919137', 'author': {'id': '895724341591953528', 'username': 'LightningTipBot', 'avatar': 'fb00c1f1e0d0074276f0e2c88ecd19be', 'discriminator': '8205', 'public_flags': 0, 'bot': True}, 'attachments': [], 'embeds': [], 'mentions': [], 'mention_roles': [], 'pinned': False, 'mention_everyone': False, 'tts': False, 'timestamp': '2021-12-14T15:28:20.226000+00:00', 'edited_timestamp': None, 'flags': 0, 'components': [{'type': 1, 'components': [{'type': 2, 'style': 3, 'label': 'Send', 'custom_id': 'paylnurl_btn', 'hash': ''}]}, {'type': 1, 'components': [{'type': 2, 'style': 4, 'label': 'Cancel', 'custom_id': 'cancel_btn', 'hash': ''}]}], 'referenced_message': None}
DEBUG:discord.client:Dispatching event socket_raw_receive
DEBUG:discord.gateway:For Shard ID None: WebSocket Event: {'t': 'INTERACTION_CREATE', 's': 25, 'op': 0, 'd': {'version': 1, 'user': {'username': 'Doman', 'public_flags': 0, 'id': '393120847059091456', 'discriminator': '1350', 'avatar': '2b4d1ef7e642ca5ad2b569d6b5cc6d58'}, 'type': 3, 'token': 'aW50ZXJhY3Rpb246OTIwMzM2NDI3NzkzOTIwMDUwOk51WVBIclRGOE1weDRSM29ZSkQzbUJCejJCdVkyeDlla3NGOFE3cGYyTkZXNW1ZMDh2emFmSjM2VmVha3p1VlAxcGNkNVlqWjU1bk5nZEV0enNkeW9qTk9CdWE0UlRRdzdKOEVmUk16WmE5dlRIRmo5YTJNdk1kVzlPMHJpTE44', 'message': {'type': 0, 'tts': False, 'timestamp': '2021-12-14T15:28:20.226000+00:00', 'pinned': False, 'mentions': [], 'mention_roles': [], 'mention_everyone': False, 'id': '920336414439256105', 'flags': 0, 'embeds': [], 'edited_timestamp': None, 'content': 'Are you sure you want to send 50 sat to this lnurl?\n*LNURL1DP68GURN8GHJ7MRW9E6XJURN9UH8WETVDSKKKMN0WAHZ7MRWW4EXCUP0XYCRSDPHXVURSV34UAYEZK*\n\n:information_source: **Info**\nThe actual payment can be more expensive than 50 sat due to fees.\n\nPlease confirm your choise.', 'components': [{'type': 1, 'components': [{'type': 2, 'style': 3, 'label': 'Send', 'hash': '', 'custom_id': 'paylnurl_btn'}]}, {'type': 1, 'components': [{'type': 2, 'style': 4, 'label': 'Cancel', 'hash': '', 'custom_id': 'cancel_btn'}]}], 'channel_id': '900787709679919137', 'author': {'username': 'LightningTipBot', 'public_flags': 0, 'id': '895724341591953528', 'discriminator': '8205', 'bot': True, 'avatar': 'fb00c1f1e0d0074276f0e2c88ecd19be'}, 'attachments': []}, 'id': '920336427793920050', 'data': {'custom_id': 'paylnurl_btn', 'component_type': 2}, 'channel_id': '900787709679919137', 'application_id': '895724341591953528'}}
DEBUG:discord.client:Dispatching event socket_response
DEBUG:discord.gateway:Unknown event INTERACTION_CREATE.
DEBUG:discord.client:Dispatching event raw_interaction
DEBUG:discord.client:Dispatching event interaction
DEBUG:discord.client:Dispatching event raw_button_click
DEBUG:discord.client:Dispatching event button_click
DEBUG:discord.client:Dispatching event socket_raw_receive
DEBUG:discord.gateway:For Shard ID None: WebSocket Event: {'t': 'CHANNEL_CREATE', 's': 26, 'op': 0, 'd': {'type': 1, 'recipients': [{'username': 'Doman', 'public_flags': 0, 'id': '393120847059091456', 'discriminator': '1350', 'avatar': '2b4d1ef7e642ca5ad2b569d6b5cc6d58'}], 'last_message_id': '920336428691521616', 'id': '900787709679919137'}}
DEBUG:discord.client:Dispatching event socket_response
DEBUG:discord.client:Dispatching event socket_raw_receive
DEBUG:discord.gateway:For Shard ID None: WebSocket Event: {'t': 'MESSAGE_CREATE', 's': 27, 'op': 0, 'd': {'type': 0, 'tts': False, 'timestamp': '2021-12-14T15:28:23.624000+00:00', 'referenced_message': None, 'pinned': False, 'mentions': [], 'mention_roles': [], 'mention_everyone': False, 'id': '920336428691521616', 'flags': 0, 'embeds': [], 'edited_timestamp': None, 'content': ':hourglass: Preparing payment, please wait.', 'components': [], 'channel_id': '900787709679919137', 'author': {'username': 'LightningTipBot', 'public_flags': 0, 'id': '895724341591953528', 'discriminator': '8205', 'bot': True, 'avatar': 'fb00c1f1e0d0074276f0e2c88ecd19be'}, 'attachments': []}}
DEBUG:discord.client:Dispatching event socket_response
DEBUG:discord.client:Dispatching event message
DEBUG:discord.http:POST https://discord.com/api/v7/channels/900787709679919137/messages with {"tts":false,"content":":hourglass: Preparing payment, please wait."} has returned 200
DEBUG:discord.http:POST https://discord.com/api/v7/channels/900787709679919137/messages has received {'id': '920336428691521616', 'type': 0, 'content': ':hourglass: Preparing payment, please wait.', 'channel_id': '900787709679919137', 'author': {'id': '895724341591953528', 'username': 'LightningTipBot', 'avatar': 'fb00c1f1e0d0074276f0e2c88ecd19be', 'discriminator': '8205', 'public_flags': 0, 'bot': True}, 'attachments': [], 'embeds': [], 'mentions': [], 'mention_roles': [], 'pinned': False, 'mention_everyone': False, 'tts': False, 'timestamp': '2021-12-14T15:28:23.624000+00:00', 'edited_timestamp': None, 'flags': 0, 'components': [], 'referenced_message': None}
DEBUG:urllib3.connectionpool:Starting new HTTPS connection (1): lightningtipbot.com:443
DEBUG:urllib3.connectionpool:https://lightningtipbot.com:443 "POST /api/v1/payments/decode HTTP/1.1" 200 63
DEBUG:urllib3.connectionpool:Starting new HTTPS connection (1): ln.tips:443
DEBUG:urllib3.connectionpool:https://ln.tips:443 "GET /.well-known/lnurlp/1084738825 HTTP/1.1" 200 265
DEBUG:urllib3.connectionpool:Starting new HTTPS connection (1): ln.tips:443
DEBUG:urllib3.connectionpool:https://ln.tips:443 "GET /.well-known/lnurlp/1084738825?amount=50000 HTTP/1.1" 200 409
DEBUG:urllib3.connectionpool:Starting new HTTPS connection (1): lightningtipbot.com:443
DEBUG:urllib3.connectionpool:https://lightningtipbot.com:443 "GET /api/v1/wallet HTTP/1.1" 200 107
DEBUG:urllib3.connectionpool:Starting new HTTPS connection (1): lightningtipbot.com:443
DEBUG:urllib3.connectionpool:https://lightningtipbot.com:443 "GET /api/v1/wallet HTTP/1.1" 200 107
DEBUG:urllib3.connectionpool:Starting new HTTPS connection (1): lightningtipbot.com:443
DEBUG:urllib3.connectionpool:https://lightningtipbot.com:443 "POST /api/v1/payments HTTP/1.1" 201 174
DEBUG:urllib3.connectionpool:Starting new HTTPS connection (1): lightningtipbot.com:443
DEBUG:urllib3.connectionpool:https://lightningtipbot.com:443 "GET /api/v1/wallet HTTP/1.1" 200 107
DEBUG:discord.client:Dispatching event socket_raw_receive
DEBUG:discord.gateway:For Shard ID None: WebSocket Event: {'t': 'CHANNEL_CREATE', 's': 28, 'op': 0, 'd': {'type': 1, 'recipients': [{'username': 'Doman', 'public_flags': 0, 'id': '393120847059091456', 'discriminator': '1350', 'avatar': '2b4d1ef7e642ca5ad2b569d6b5cc6d58'}], 'last_message_id': '920336462640185404', 'id': '900787709679919137'}}
DEBUG:discord.client:Dispatching event socket_response
DEBUG:discord.http:POST https://discord.com/api/v7/channels/900787709679919137/messages with {"tts":false,"content":":white_check_mark: Payment successful.\nYour new balance is 22 sat"} has returned 200
DEBUG:discord.http:POST https://discord.com/api/v7/channels/900787709679919137/messages has received {'id': '920336462640185404', 'type': 0, 'content': ':white_check_mark: Payment successful.\nYour new balance is 22 sat', 'channel_id': '900787709679919137', 'author': {'id': '895724341591953528', 'username': 'LightningTipBot', 'avatar': 'fb00c1f1e0d0074276f0e2c88ecd19be', 'discriminator': '8205', 'public_flags': 0, 'bot': True}, 'attachments': [], 'embeds': [], 'mentions': [], 'mention_roles': [], 'pinned': False, 'mention_everyone': False, 'tts': False, 'timestamp': '2021-12-14T15:28:31.718000+00:00', 'edited_timestamp': None, 'flags': 0, 'components': [], 'referenced_message': None}
DEBUG:discord.client:Dispatching event socket_raw_receive
DEBUG:discord.gateway:For Shard ID None: WebSocket Event: {'t': 'MESSAGE_CREATE', 's': 29, 'op': 0, 'd': {'type': 0, 'tts': False, 'timestamp': '2021-12-14T15:28:31.718000+00:00', 'referenced_message': None, 'pinned': False, 'mentions': [], 'mention_roles': [], 'mention_everyone': False, 'id': '920336462640185404', 'flags': 0, 'embeds': [], 'edited_timestamp': None, 'content': ':white_check_mark: Payment successful.\nYour new balance is 22 sat', 'components': [], 'channel_id': '900787709679919137', 'author': {'username': 'LightningTipBot', 'public_flags': 0, 'id': '895724341591953528', 'discriminator': '8205', 'bot': True, 'avatar': 'fb00c1f1e0d0074276f0e2c88ecd19be'}, 'attachments': []}}
DEBUG:discord.client:Dispatching event socket_response
DEBUG:discord.client:Dispatching event message
DEBUG:discord.http:DELETE https://discord.com/api/v7/channels/900787709679919137/messages/920336428691521616 with None has returned 204
DEBUG:discord.http:DELETE https://discord.com/api/v7/channels/900787709679919137/messages/920336428691521616 has received 
DEBUG:discord.client:Dispatching event command_completion
DEBUG:discord.client:Dispatching event socket_raw_receive
DEBUG:discord.gateway:For Shard ID None: WebSocket Event: {'t': 'MESSAGE_DELETE', 's': 30, 'op': 0, 'd': {'id': '920336428691521616', 'channel_id': '900787709679919137'}}
DEBUG:discord.client:Dispatching event socket_response
DEBUG:discord.client:Dispatching event raw_message_delete
DEBUG:discord.client:Dispatching event message_delete
DEBUG:discord.client:Dispatching event socket_raw_receive
DEBUG:discord.gateway:For Shard ID None: WebSocket Event: {'t': 'TYPING_START', 's': 31, 'op': 0, 'd': {'user_id': '393120847059091456', 'timestamp': 1639495719, 'channel_id': '900787709679919137'}}
DEBUG:discord.client:Dispatching event socket_response
DEBUG:discord.client:Dispatching event typing
DEBUG:discord.client:Dispatching event socket_raw_receive
DEBUG:discord.gateway:For Shard ID None: WebSocket Event: {'t': 'CHANNEL_CREATE', 's': 32, 'op': 0, 'd': {'type': 1, 'recipients': [{'username': 'Doman', 'public_flags': 0, 'id': '393120847059091456', 'discriminator': '1350', 'avatar': '2b4d1ef7e642ca5ad2b569d6b5cc6d58'}], 'last_message_id': '920336496643432498', 'id': '900787709679919137'}}
DEBUG:discord.client:Dispatching event socket_response
DEBUG:discord.client:Dispatching event socket_raw_receive
DEBUG:discord.gateway:For Shard ID None: WebSocket Event: {'t': 'MESSAGE_CREATE', 's': 33, 'op': 0, 'd': {'type': 0, 'tts': False, 'timestamp': '2021-12-14T15:28:39.825000+00:00', 'referenced_message': None, 'pinned': False, 'nonce': '920336499424100352', 'mentions': [], 'mention_roles': [], 'mention_everyone': False, 'id': '920336496643432498', 'flags': 0, 'embeds': [], 'edited_timestamp': None, 'content': '!balance', 'components': [], 'channel_id': '900787709679919137', 'author': {'username': 'Doman', 'public_flags': 0, 'id': '393120847059091456', 'discriminator': '1350', 'avatar': '2b4d1ef7e642ca5ad2b569d6b5cc6d58'}, 'attachments': []}}
DEBUG:discord.client:Dispatching event socket_response
DEBUG:discord.client:Dispatching event message
DEBUG:discord.client:Dispatching event command
DEBUG:urllib3.connectionpool:Starting new HTTPS connection (1): lightningtipbot.com:443
DEBUG:urllib3.connectionpool:https://lightningtipbot.com:443 "GET /api/v1/wallet HTTP/1.1" 200 107
DEBUG:discord.client:Dispatching event socket_raw_receive
DEBUG:discord.gateway:For Shard ID None: WebSocket Event: {'t': 'CHANNEL_CREATE', 's': 34, 'op': 0, 'd': {'type': 1, 'recipients': [{'username': 'Doman', 'public_flags': 0, 'id': '393120847059091456', 'discriminator': '1350', 'avatar': '2b4d1ef7e642ca5ad2b569d6b5cc6d58'}], 'last_message_id': '920336497650053141', 'id': '900787709679919137'}}
DEBUG:discord.client:Dispatching event socket_response
DEBUG:discord.client:Dispatching event socket_raw_receive
DEBUG:discord.gateway:For Shard ID None: WebSocket Event: {'t': 'MESSAGE_CREATE', 's': 35, 'op': 0, 'd': {'type': 0, 'tts': False, 'timestamp': '2021-12-14T15:28:40.065000+00:00', 'referenced_message': None, 'pinned': False, 'mentions': [], 'mention_roles': [], 'mention_everyone': False, 'id': '920336497650053141', 'flags': 0, 'embeds': [], 'edited_timestamp': None, 'content': '**Your balance:** 22 sat', 'components': [], 'channel_id': '900787709679919137', 'author': {'username': 'LightningTipBot', 'public_flags': 0, 'id': '895724341591953528', 'discriminator': '8205', 'bot': True, 'avatar': 'fb00c1f1e0d0074276f0e2c88ecd19be'}, 'attachments': []}}
DEBUG:discord.client:Dispatching event socket_response
DEBUG:discord.client:Dispatching event message
DEBUG:discord.http:POST https://discord.com/api/v7/channels/900787709679919137/messages with {"tts":false,"content":"**Your balance:** 22 sat"} has returned 200
DEBUG:discord.http:POST https://discord.com/api/v7/channels/900787709679919137/messages has received {'id': '920336497650053141', 'type': 0, 'content': '**Your balance:** 22 sat', 'channel_id': '900787709679919137', 'author': {'id': '895724341591953528', 'username': 'LightningTipBot', 'avatar': 'fb00c1f1e0d0074276f0e2c88ecd19be', 'discriminator': '8205', 'public_flags': 0, 'bot': True}, 'attachments': [], 'embeds': [], 'mentions': [], 'mention_roles': [], 'pinned': False, 'mention_everyone': False, 'tts': False, 'timestamp': '2021-12-14T15:28:40.065000+00:00', 'edited_timestamp': None, 'flags': 0, 'components': [], 'referenced_message': None}
DEBUG:discord.client:Dispatching event command_completion
DEBUG:discord.gateway:Keeping shard ID None websocket alive with sequence 35.
INFO:discord.client:Received signal to terminate bot and event loop.
INFO:discord.client:Cleaning up tasks.
INFO:discord.client:Cleaning up after 1 tasks.
INFO:discord.client:All tasks finished cancelling.
INFO:discord.client:Closing the event loop.
